2025-04-20 19:28:35 - INFO - Training BertPreTrainedClassifier on cuda
2025-04-20 19:28:44 - INFO - Epoch 1/4: 
Train Loss: 0.5539, Acc: 0.1702 Train Neg Acc: -1.0000, Nut Acc: 0.2100, Pos Acc: 0.2989
 Val Loss: 0.4903, Acc: 0.2600 Val Neg Acc: -1.0000, Nut Acc: 0.3171, Pos Acc: 0.2826
2025-04-20 19:28:54 - INFO - Epoch 2/4: 
Train Loss: 0.3748, Acc: 0.1421 Train Neg Acc: -1.0000, Nut Acc: 0.1453, Pos Acc: 0.2444
 Val Loss: 0.4721, Acc: 0.2200 Val Neg Acc: -1.0000, Nut Acc: 0.2703, Pos Acc: 0.2353
2025-04-20 19:29:04 - INFO - Epoch 3/4: 
Train Loss: 0.2648, Acc: 0.1070 Train Neg Acc: -1.0000, Nut Acc: 0.0833, Pos Acc: 0.2072
 Val Loss: 0.5039, Acc: 0.2100 Val Neg Acc: -1.0000, Nut Acc: 0.3182, Pos Acc: 0.1750
2025-04-20 19:29:13 - INFO - Epoch 4/4: 
Train Loss: 0.1729, Acc: 0.0474 Train Neg Acc: -1.0000, Nut Acc: 0.0326, Pos Acc: 0.1055
 Val Loss: 0.5506, Acc: 0.2200 Val Neg Acc: -1.0000, Nut Acc: 0.3333, Pos Acc: 0.1842
2025-04-20 19:29:27 - INFO - Training BertPreTrainedClassifier on cuda
2025-04-20 19:29:37 - INFO - Epoch 1/4: 
Train Loss: 0.5474, Acc: 0.5614 Train Neg Acc: 0.6368, Nut Acc: 0.5000, Pos Acc: 0.5455
 Val Loss: 0.4893, Acc: 0.5900 Val Neg Acc: 0.6047, Nut Acc: 0.6098, Pos Acc: 0.5000
2025-04-20 19:29:47 - INFO - Epoch 2/4: 
Train Loss: 0.3768, Acc: 0.7018 Train Neg Acc: 0.8111, Nut Acc: 0.6017, Pos Acc: 0.7233
 Val Loss: 0.5022, Acc: 0.6000 Val Neg Acc: 0.5652, Nut Acc: 0.6410, Pos Acc: 0.6000
2025-04-20 19:29:57 - INFO - Epoch 3/4: 
Train Loss: 0.2684, Acc: 0.7947 Train Neg Acc: 0.8556, Nut Acc: 0.7220, Pos Acc: 0.8146
 Val Loss: 0.4680, Acc: 0.6300 Val Neg Acc: 0.6286, Nut Acc: 0.6327, Pos Acc: 0.6250
2025-04-20 19:30:07 - INFO - Epoch 4/4: 
Train Loss: 0.1917, Acc: 0.8614 Train Neg Acc: 0.8978, Nut Acc: 0.8010, Pos Acc: 0.8933
 Val Loss: 0.4898, Acc: 0.6300 Val Neg Acc: 0.6000, Nut Acc: 0.6591, Pos Acc: 0.6250
2025-04-20 19:31:36 - INFO - Training BertPreTrainedClassifier on cuda
2025-04-20 19:49:15 - INFO - Epoch 1/4: 
Train Loss: 0.3816, Acc: 0.6998 Train Neg Acc: 0.7164, Nut Acc: 0.6381, Pos Acc: 0.7674
 Val Loss: 0.3254, Acc: 0.7416 Val Neg Acc: 0.6270, Nut Acc: 0.7725, Pos Acc: 0.7927
2025-04-20 20:07:08 - INFO - Epoch 2/4: 
Train Loss: 0.2897, Acc: 0.7789 Train Neg Acc: 0.7929, Nut Acc: 0.7299, Pos Acc: 0.8220
 Val Loss: 0.3351, Acc: 0.7373 Val Neg Acc: 0.6077, Nut Acc: 0.8144, Pos Acc: 0.7451
2025-04-20 20:25:01 - INFO - Epoch 3/4: 
Train Loss: 0.2220, Acc: 0.8349 Train Neg Acc: 0.8489, Nut Acc: 0.7904, Pos Acc: 0.8703
 Val Loss: 0.3435, Acc: 0.7364 Val Neg Acc: 0.5933, Nut Acc: 0.8205, Pos Acc: 0.7532
2025-04-20 20:42:46 - INFO - Epoch 4/4: 
Train Loss: 0.1702, Acc: 0.8765 Train Neg Acc: 0.8911, Nut Acc: 0.8362, Pos Acc: 0.9056
 Val Loss: 0.3363, Acc: 0.7466 Val Neg Acc: 0.6398, Nut Acc: 0.7872, Pos Acc: 0.7728
2025-04-20 21:25:59 - INFO - Training BertPreTrainedClassifier on cuda
2025-04-20 21:27:39 - INFO - Training BertPreTrainedClassifier on cuda
2025-04-20 21:41:44 - INFO - Training BertPreTrainedClassifier on cuda
2025-04-20 22:35:40 - INFO - Epoch 1/4: 
Train Loss: 0.1938, Acc: 0.8486 Train Neg Acc: 0.8166, Nut Acc: 0.8526, Pos Acc: 0.8670
 Val Loss: 0.3246, Acc: 0.7462 Val Neg Acc: 0.6826, Nut Acc: 0.7999, Pos Acc: 0.7131
2025-04-20 23:42:02 - INFO - Epoch 2/4: 
Train Loss: 0.1494, Acc: 0.8864 Train Neg Acc: 0.8688, Nut Acc: 0.8853, Pos Acc: 0.9017
 Val Loss: 0.3310, Acc: 0.7536 Val Neg Acc: 0.7114, Nut Acc: 0.7679, Pos Acc: 0.7563
2025-04-21 00:48:51 - INFO - Epoch 3/4: 
Train Loss: 0.1182, Acc: 0.9121 Train Neg Acc: 0.9035, Nut Acc: 0.9076, Pos Acc: 0.9263
 Val Loss: 0.3565, Acc: 0.7506 Val Neg Acc: 0.6579, Nut Acc: 0.7692, Pos Acc: 0.7966
2025-04-21 07:51:09 - INFO - Epoch 4/4: 
Train Loss: 0.0951, Acc: 0.9303 Train Neg Acc: 0.9241, Nut Acc: 0.9261, Pos Acc: 0.9421
 Val Loss: 0.3565, Acc: 0.7513 Val Neg Acc: 0.6963, Nut Acc: 0.7861, Pos Acc: 0.7344
2025-04-21 08:23:46 - WARNING - Xet Storage is enabled for this repo, but the 'hf_xet' package is not installed. Falling back to regular HTTP download. For better performance, install the package with: `pip install huggingface_hub[hf_xet]` or `pip install hf_xet`
2025-04-21 08:26:06 - WARNING - Xet Storage is enabled for this repo, but the 'hf_xet' package is not installed. Falling back to regular HTTP download. For better performance, install the package with: `pip install huggingface_hub[hf_xet]` or `pip install hf_xet`
2025-04-21 08:53:17 - INFO - Training BertPreTrainedClassifier on cuda
2025-04-21 08:56:40 - WARNING - Xet Storage is enabled for this repo, but the 'hf_xet' package is not installed. Falling back to regular HTTP download. For better performance, install the package with: `pip install huggingface_hub[hf_xet]` or `pip install hf_xet`
2025-04-21 09:01:36 - WARNING - Xet Storage is enabled for this repo, but the 'hf_xet' package is not installed. Falling back to regular HTTP download. For better performance, install the package with: `pip install huggingface_hub[hf_xet]` or `pip install hf_xet`
2025-04-21 09:03:36 - INFO - Training BertPreTrainedClassifier on cuda
2025-04-21 09:03:54 - INFO - Epoch 1/4: 
Train Loss: 0.5765, Acc: 0.4710 Train Neg Acc: 0.2500, Nut Acc: 0.4717, Pos Acc: 0.7500
 Val Loss: 0.5801, Acc: 0.4900 Val Neg Acc: -1.0000, Nut Acc: 0.4731, Pos Acc: 0.7143
2025-04-21 09:04:10 - INFO - Epoch 2/4: 
Train Loss: 0.4429, Acc: 0.6210 Train Neg Acc: 0.5000, Nut Acc: 0.5956, Pos Acc: 0.7261
 Val Loss: 0.5003, Acc: 0.6300 Val Neg Acc: 0.6667, Nut Acc: 0.6731, Pos Acc: 0.5185
2025-04-21 09:04:27 - INFO - Epoch 3/4: 
Train Loss: 0.3164, Acc: 0.7530 Train Neg Acc: 0.7055, Nut Acc: 0.7190, Pos Acc: 0.8504
 Val Loss: 0.4852, Acc: 0.6500 Val Neg Acc: 0.5882, Nut Acc: 0.6923, Pos Acc: 0.6429
2025-04-21 09:04:43 - INFO - Epoch 4/4: 
Train Loss: 0.2118, Acc: 0.8350 Train Neg Acc: 0.8070, Nut Acc: 0.8011, Pos Acc: 0.9161
 Val Loss: 0.5233, Acc: 0.6000 Val Neg Acc: 0.5758, Nut Acc: 0.6458, Pos Acc: 0.5263
2025-04-21 09:05:35 - INFO - Training BertPreTrainedClassifier on cuda
2025-04-21 09:22:55 - INFO - Epoch 1/4: 
Train Loss: 0.4120, Acc: 0.6775 Train Neg Acc: 0.6951, Nut Acc: 0.6169, Pos Acc: 0.7480
 Val Loss: 0.3670, Acc: 0.7138 Val Neg Acc: 0.5889, Nut Acc: 0.8025, Pos Acc: 0.6960
2025-04-21 09:40:25 - INFO - Epoch 2/4: 
Train Loss: 0.3179, Acc: 0.7569 Train Neg Acc: 0.7757, Nut Acc: 0.7023, Pos Acc: 0.8054
 Val Loss: 0.3716, Acc: 0.7134 Val Neg Acc: 0.5497, Nut Acc: 0.7706, Pos Acc: 0.8260
2025-04-21 09:57:55 - INFO - Epoch 3/4: 
Train Loss: 0.2514, Acc: 0.8109 Train Neg Acc: 0.8321, Nut Acc: 0.7602, Pos Acc: 0.8478
 Val Loss: 0.3546, Acc: 0.7280 Val Neg Acc: 0.5879, Nut Acc: 0.7961, Pos Acc: 0.7604
2025-04-21 10:15:28 - INFO - Epoch 4/4: 
Train Loss: 0.1966, Acc: 0.8559 Train Neg Acc: 0.8706, Nut Acc: 0.8141, Pos Acc: 0.8872
 Val Loss: 0.3602, Acc: 0.7303 Val Neg Acc: 0.6011, Nut Acc: 0.8003, Pos Acc: 0.7431
2025-04-21 13:24:50 - INFO - Training BertPreTrainedClassifier on cuda
2025-04-21 13:42:22 - INFO - Epoch 1/4: 
Train Loss: 0.4147, Acc: 0.6705 Train Neg Acc: 0.6952, Nut Acc: 0.6028, Pos Acc: 0.7473
 Val Loss: 0.3646, Acc: 0.7149 Val Neg Acc: 0.6053, Nut Acc: 0.7965, Pos Acc: 0.6863
2025-04-21 14:00:11 - INFO - Epoch 2/4: 
Train Loss: 0.3273, Acc: 0.7496 Train Neg Acc: 0.7660, Nut Acc: 0.6930, Pos Acc: 0.8041
 Val Loss: 0.3313, Acc: 0.7430 Val Neg Acc: 0.6581, Nut Acc: 0.7751, Pos Acc: 0.7538
2025-04-21 14:18:00 - INFO - Epoch 3/4: 
Train Loss: 0.2700, Acc: 0.7976 Train Neg Acc: 0.8114, Nut Acc: 0.7478, Pos Acc: 0.8417
 Val Loss: 0.3431, Acc: 0.7309 Val Neg Acc: 0.5988, Nut Acc: 0.7909, Pos Acc: 0.7591
2025-04-21 14:35:52 - INFO - Epoch 4/4: 
Train Loss: 0.2227, Acc: 0.8359 Train Neg Acc: 0.8543, Nut Acc: 0.7879, Pos Acc: 0.8717
 Val Loss: 0.3723, Acc: 0.7227 Val Neg Acc: 0.6020, Nut Acc: 0.8211, Pos Acc: 0.6982
2025-04-21 15:37:56 - INFO - Training BertPreTrainedClassifier on cuda
2025-04-21 15:55:38 - INFO - Epoch 1/4: 
Train Loss: 0.4137, Acc: 0.6703 Train Neg Acc: 0.6942, Nut Acc: 0.6026, Pos Acc: 0.7492
 Val Loss: 0.3492, Acc: 0.7240 Val Neg Acc: 0.5939, Nut Acc: 0.7700, Pos Acc: 0.7696
2025-04-21 16:13:31 - INFO - Epoch 2/4: 
Train Loss: 0.3257, Acc: 0.7512 Train Neg Acc: 0.7688, Nut Acc: 0.6971, Pos Acc: 0.8007
 Val Loss: 0.3445, Acc: 0.7304 Val Neg Acc: 0.5890, Nut Acc: 0.7885, Pos Acc: 0.7788
2025-04-21 16:31:27 - INFO - Epoch 3/4: 
Train Loss: 0.2658, Acc: 0.8009 Train Neg Acc: 0.8216, Nut Acc: 0.7479, Pos Acc: 0.8424
 Val Loss: 0.3572, Acc: 0.7296 Val Neg Acc: 0.5944, Nut Acc: 0.8151, Pos Acc: 0.7286
2025-04-21 16:49:06 - INFO - Epoch 4/4: 
Train Loss: 0.2157, Acc: 0.8411 Train Neg Acc: 0.8602, Nut Acc: 0.7913, Pos Acc: 0.8784
 Val Loss: 0.3415, Acc: 0.7389 Val Neg Acc: 0.6659, Nut Acc: 0.7883, Pos Acc: 0.7158
2025-04-21 17:17:27 - INFO - Training BertPreTrainedClassifier on cuda
2025-04-21 17:42:57 - INFO - Training BertPreTrainedClassifier on cuda
2025-04-21 17:45:09 - INFO - Training BertPreTrainedClassifier on cuda
2025-04-21 18:02:48 - INFO - Epoch 1/4: 
Train Loss: 0.3017, Acc: 0.6569 Train Neg Acc: 0.7059, Nut Acc: 0.5707, Pos Acc: 0.7555
 Val Loss: 0.2445, Acc: 0.7194 Val Neg Acc: 0.6310, Nut Acc: 0.7265, Pos Acc: 0.7874
2025-04-21 18:20:33 - INFO - Epoch 2/4: 
Train Loss: 0.2431, Acc: 0.7305 Train Neg Acc: 0.7672, Nut Acc: 0.6550, Pos Acc: 0.7981
 Val Loss: 0.2399, Acc: 0.7291 Val Neg Acc: 0.6219, Nut Acc: 0.7679, Pos Acc: 0.7561
2025-04-21 18:38:15 - INFO - Epoch 3/4: 
Train Loss: 0.2064, Acc: 0.7733 Train Neg Acc: 0.8064, Nut Acc: 0.7004, Pos Acc: 0.8340
 Val Loss: 0.2444, Acc: 0.7261 Val Neg Acc: 0.6264, Nut Acc: 0.7975, Pos Acc: 0.7017
2025-04-21 18:55:58 - INFO - Epoch 4/4: 
Train Loss: 0.1771, Acc: 0.8071 Train Neg Acc: 0.8379, Nut Acc: 0.7394, Pos Acc: 0.8593
 Val Loss: 0.2397, Acc: 0.7319 Val Neg Acc: 0.6045, Nut Acc: 0.7868, Pos Acc: 0.7619
2025-04-21 19:02:48 - INFO - Training BertPreTrainedClassifier on cuda
2025-04-21 19:20:21 - INFO - Epoch 1/4: 
Train Loss: 0.3000, Acc: 0.6574 Train Neg Acc: 0.7099, Nut Acc: 0.5664, Pos Acc: 0.7667
 Val Loss: 0.2415, Acc: 0.7261 Val Neg Acc: 0.6585, Nut Acc: 0.7418, Pos Acc: 0.7470
2025-04-21 19:38:04 - INFO - Epoch 2/4: 
Train Loss: 0.2429, Acc: 0.7300 Train Neg Acc: 0.7687, Nut Acc: 0.6520, Pos Acc: 0.7990
 Val Loss: 0.2409, Acc: 0.7261 Val Neg Acc: 0.6178, Nut Acc: 0.7667, Pos Acc: 0.7495
2025-04-21 19:55:45 - INFO - Epoch 3/4: 
Train Loss: 0.2084, Acc: 0.7704 Train Neg Acc: 0.8027, Nut Acc: 0.6995, Pos Acc: 0.8286
 Val Loss: 0.2419, Acc: 0.7279 Val Neg Acc: 0.6193, Nut Acc: 0.7847, Pos Acc: 0.7301
2025-04-21 20:13:26 - INFO - Epoch 4/4: 
Train Loss: 0.1787, Acc: 0.8054 Train Neg Acc: 0.8406, Nut Acc: 0.7358, Pos Acc: 0.8557
 Val Loss: 0.2367, Acc: 0.7358 Val Neg Acc: 0.6416, Nut Acc: 0.7831, Pos Acc: 0.7345
2025-04-21 20:17:53 - INFO - Training BertPreTrainedClassifier on cuda
2025-04-21 20:26:20 - INFO - Training DropoutMLP on cuda
2025-04-21 20:26:32 - INFO - Epoch 1/4: 
Train Loss: 0.3688, Acc: 0.5622 Train Neg Acc: 0.6646, Nut Acc: 0.4652, Pos Acc: 0.7341
 Val Loss: 0.2860, Acc: 0.6788 Val Neg Acc: 0.5526, Nut Acc: 0.7254, Pos Acc: 0.7151
2025-04-21 20:26:45 - INFO - Epoch 2/4: 
Train Loss: 0.3041, Acc: 0.6675 Train Neg Acc: 0.6892, Nut Acc: 0.6040, Pos Acc: 0.7405
 Val Loss: 0.2764, Acc: 0.6942 Val Neg Acc: 0.5630, Nut Acc: 0.7392, Pos Acc: 0.7390
2025-04-21 20:26:57 - INFO - Epoch 3/4: 
Train Loss: 0.2962, Acc: 0.6785 Train Neg Acc: 0.6951, Nut Acc: 0.6206, Pos Acc: 0.7453
 Val Loss: 0.2749, Acc: 0.6956 Val Neg Acc: 0.5586, Nut Acc: 0.7531, Pos Acc: 0.7275
2025-04-21 20:27:09 - INFO - Epoch 4/4: 
Train Loss: 0.2909, Acc: 0.6826 Train Neg Acc: 0.6991, Nut Acc: 0.6243, Pos Acc: 0.7502
 Val Loss: 0.2679, Acc: 0.7013 Val Neg Acc: 0.6031, Nut Acc: 0.7444, Pos Acc: 0.7005
2025-04-21 20:27:21 - INFO - Training DropoutMLP on cuda
2025-04-21 20:27:34 - INFO - Epoch 1/20: 
Train Loss: 0.3687, Acc: 0.5631 Train Neg Acc: 0.6674, Nut Acc: 0.4654, Pos Acc: 0.7455
 Val Loss: 0.2898, Acc: 0.6748 Val Neg Acc: 0.5305, Nut Acc: 0.7329, Pos Acc: 0.7239
2025-04-21 20:27:46 - INFO - Epoch 2/20: 
Train Loss: 0.3039, Acc: 0.6680 Train Neg Acc: 0.6851, Nut Acc: 0.6088, Pos Acc: 0.7388
 Val Loss: 0.2795, Acc: 0.6878 Val Neg Acc: 0.5419, Nut Acc: 0.7373, Pos Acc: 0.7546
2025-04-21 20:27:58 - INFO - Epoch 3/20: 
Train Loss: 0.2958, Acc: 0.6770 Train Neg Acc: 0.6928, Nut Acc: 0.6205, Pos Acc: 0.7425
 Val Loss: 0.2818, Acc: 0.6852 Val Neg Acc: 0.5278, Nut Acc: 0.7592, Pos Acc: 0.7321
2025-04-21 20:28:10 - INFO - Epoch 4/20: 
Train Loss: 0.2910, Acc: 0.6829 Train Neg Acc: 0.6965, Nut Acc: 0.6285, Pos Acc: 0.7469
 Val Loss: 0.2791, Acc: 0.6893 Val Neg Acc: 0.5349, Nut Acc: 0.7658, Pos Acc: 0.7279
2025-04-21 20:28:22 - INFO - Epoch 5/20: 
Train Loss: 0.2869, Acc: 0.6880 Train Neg Acc: 0.7023, Nut Acc: 0.6319, Pos Acc: 0.7534
 Val Loss: 0.2656, Acc: 0.7032 Val Neg Acc: 0.5790, Nut Acc: 0.7382, Pos Acc: 0.7550
2025-04-21 20:28:35 - INFO - Epoch 6/20: 
Train Loss: 0.2837, Acc: 0.6910 Train Neg Acc: 0.7076, Nut Acc: 0.6346, Pos Acc: 0.7537
 Val Loss: 0.2658, Acc: 0.7011 Val Neg Acc: 0.5826, Nut Acc: 0.7522, Pos Acc: 0.7136
2025-04-21 20:28:48 - INFO - Epoch 7/20: 
Train Loss: 0.2807, Acc: 0.6958 Train Neg Acc: 0.7139, Nut Acc: 0.6386, Pos Acc: 0.7575
 Val Loss: 0.2671, Acc: 0.7015 Val Neg Acc: 0.5590, Nut Acc: 0.7508, Pos Acc: 0.7586
2025-04-21 20:29:01 - INFO - Epoch 8/20: 
Train Loss: 0.2777, Acc: 0.6989 Train Neg Acc: 0.7169, Nut Acc: 0.6419, Pos Acc: 0.7605
 Val Loss: 0.2651, Acc: 0.7039 Val Neg Acc: 0.5741, Nut Acc: 0.7603, Pos Acc: 0.7238
2025-04-21 20:29:13 - INFO - Epoch 9/20: 
Train Loss: 0.2743, Acc: 0.7040 Train Neg Acc: 0.7217, Nut Acc: 0.6464, Pos Acc: 0.7661
 Val Loss: 0.2665, Acc: 0.7024 Val Neg Acc: 0.5609, Nut Acc: 0.7559, Pos Acc: 0.7518
2025-04-21 20:29:26 - INFO - Epoch 10/20: 
Train Loss: 0.2721, Acc: 0.7056 Train Neg Acc: 0.7245, Nut Acc: 0.6483, Pos Acc: 0.7651
 Val Loss: 0.2636, Acc: 0.7049 Val Neg Acc: 0.5677, Nut Acc: 0.7575, Pos Acc: 0.7453
2025-04-21 20:29:39 - INFO - Epoch 11/20: 
Train Loss: 0.2689, Acc: 0.7091 Train Neg Acc: 0.7311, Nut Acc: 0.6506, Pos Acc: 0.7668
 Val Loss: 0.2635, Acc: 0.7061 Val Neg Acc: 0.5732, Nut Acc: 0.7635, Pos Acc: 0.7333
2025-04-21 20:29:52 - INFO - Epoch 12/20: 
Train Loss: 0.2660, Acc: 0.7150 Train Neg Acc: 0.7343, Nut Acc: 0.6566, Pos Acc: 0.7753
 Val Loss: 0.2713, Acc: 0.7001 Val Neg Acc: 0.5477, Nut Acc: 0.7778, Pos Acc: 0.7313
2025-04-21 20:30:07 - INFO - Epoch 13/20: 
Train Loss: 0.2635, Acc: 0.7184 Train Neg Acc: 0.7386, Nut Acc: 0.6605, Pos Acc: 0.7764
 Val Loss: 0.2644, Acc: 0.7065 Val Neg Acc: 0.5613, Nut Acc: 0.7682, Pos Acc: 0.7476
2025-04-21 20:30:22 - INFO - Epoch 14/20: 
Train Loss: 0.2603, Acc: 0.7209 Train Neg Acc: 0.7407, Nut Acc: 0.6618, Pos Acc: 0.7808
 Val Loss: 0.2594, Acc: 0.7116 Val Neg Acc: 0.5852, Nut Acc: 0.7656, Pos Acc: 0.7308
2025-04-21 20:30:36 - INFO - Epoch 15/20: 
Train Loss: 0.2571, Acc: 0.7263 Train Neg Acc: 0.7466, Nut Acc: 0.6689, Pos Acc: 0.7823
 Val Loss: 0.2608, Acc: 0.7102 Val Neg Acc: 0.5861, Nut Acc: 0.7703, Pos Acc: 0.7193
2025-04-21 20:30:48 - INFO - Epoch 16/20: 
Train Loss: 0.2547, Acc: 0.7289 Train Neg Acc: 0.7518, Nut Acc: 0.6686, Pos Acc: 0.7867
 Val Loss: 0.2596, Acc: 0.7107 Val Neg Acc: 0.5821, Nut Acc: 0.7653, Pos Acc: 0.7350
2025-04-21 20:31:00 - INFO - Epoch 17/20: 
Train Loss: 0.2516, Acc: 0.7333 Train Neg Acc: 0.7541, Nut Acc: 0.6748, Pos Acc: 0.7895
 Val Loss: 0.2594, Acc: 0.7106 Val Neg Acc: 0.5842, Nut Acc: 0.7703, Pos Acc: 0.7224
2025-04-21 20:31:15 - INFO - Epoch 18/20: 
Train Loss: 0.2489, Acc: 0.7369 Train Neg Acc: 0.7580, Nut Acc: 0.6788, Pos Acc: 0.7916
 Val Loss: 0.2577, Acc: 0.7111 Val Neg Acc: 0.5845, Nut Acc: 0.7590, Pos Acc: 0.7448
2025-04-21 20:31:27 - INFO - Epoch 19/20: 
Train Loss: 0.2460, Acc: 0.7409 Train Neg Acc: 0.7648, Nut Acc: 0.6811, Pos Acc: 0.7948
 Val Loss: 0.2619, Acc: 0.7101 Val Neg Acc: 0.5997, Nut Acc: 0.7837, Pos Acc: 0.6870
2025-04-21 20:31:44 - INFO - Epoch 20/20: 
Train Loss: 0.2429, Acc: 0.7456 Train Neg Acc: 0.7675, Nut Acc: 0.6874, Pos Acc: 0.7989
 Val Loss: 0.2599, Acc: 0.7108 Val Neg Acc: 0.5769, Nut Acc: 0.7659, Pos Acc: 0.7423
2025-04-21 20:35:51 - INFO - Training DropoutMLP on cuda
2025-04-21 20:36:03 - INFO - Epoch 1/20: 
Train Loss: 0.3830, Acc: 0.5352 Train Neg Acc: 0.6694, Nut Acc: 0.4401, Pos Acc: 0.7409
 Val Loss: 0.2875, Acc: 0.6753 Val Neg Acc: 0.5467, Nut Acc: 0.7216, Pos Acc: 0.7142
2025-04-21 20:36:15 - INFO - Epoch 2/20: 
Train Loss: 0.3105, Acc: 0.6606 Train Neg Acc: 0.6772, Nut Acc: 0.6000, Pos Acc: 0.7358
 Val Loss: 0.2784, Acc: 0.6877 Val Neg Acc: 0.5528, Nut Acc: 0.7330, Pos Acc: 0.7410
2025-04-21 20:36:27 - INFO - Epoch 3/20: 
Train Loss: 0.3015, Acc: 0.6727 Train Neg Acc: 0.6858, Nut Acc: 0.6165, Pos Acc: 0.7413
 Val Loss: 0.2740, Acc: 0.6926 Val Neg Acc: 0.5625, Nut Acc: 0.7397, Pos Acc: 0.7329
2025-04-21 20:36:39 - INFO - Epoch 4/20: 
Train Loss: 0.2960, Acc: 0.6777 Train Neg Acc: 0.6921, Nut Acc: 0.6215, Pos Acc: 0.7446
 Val Loss: 0.2879, Acc: 0.6789 Val Neg Acc: 0.5077, Nut Acc: 0.7671, Pos Acc: 0.7434
2025-04-21 20:36:52 - INFO - Epoch 5/20: 
Train Loss: 0.2913, Acc: 0.6832 Train Neg Acc: 0.6984, Nut Acc: 0.6277, Pos Acc: 0.7472
 Val Loss: 0.2676, Acc: 0.7004 Val Neg Acc: 0.5806, Nut Acc: 0.7404, Pos Acc: 0.7360
2025-04-21 20:37:04 - INFO - Epoch 6/20: 
Train Loss: 0.2887, Acc: 0.6858 Train Neg Acc: 0.7022, Nut Acc: 0.6263, Pos Acc: 0.7558
 Val Loss: 0.2739, Acc: 0.6931 Val Neg Acc: 0.5429, Nut Acc: 0.7555, Pos Acc: 0.7423
2025-04-21 20:37:16 - INFO - Epoch 7/20: 
Train Loss: 0.2858, Acc: 0.6878 Train Neg Acc: 0.7045, Nut Acc: 0.6289, Pos Acc: 0.7555
 Val Loss: 0.2687, Acc: 0.7001 Val Neg Acc: 0.5682, Nut Acc: 0.7543, Pos Acc: 0.7308
2025-04-21 20:37:28 - INFO - Epoch 8/20: 
Train Loss: 0.2837, Acc: 0.6920 Train Neg Acc: 0.7080, Nut Acc: 0.6340, Pos Acc: 0.7582
 Val Loss: 0.2632, Acc: 0.7046 Val Neg Acc: 0.5919, Nut Acc: 0.7421, Pos Acc: 0.7328
2025-04-21 20:37:40 - INFO - Epoch 9/20: 
Train Loss: 0.2813, Acc: 0.6932 Train Neg Acc: 0.7136, Nut Acc: 0.6320, Pos Acc: 0.7597
 Val Loss: 0.2652, Acc: 0.7039 Val Neg Acc: 0.5730, Nut Acc: 0.7486, Pos Acc: 0.7477
2025-04-21 20:37:52 - INFO - Epoch 10/20: 
Train Loss: 0.2792, Acc: 0.6970 Train Neg Acc: 0.7161, Nut Acc: 0.6362, Pos Acc: 0.7637
 Val Loss: 0.2713, Acc: 0.6982 Val Neg Acc: 0.5522, Nut Acc: 0.7706, Pos Acc: 0.7241
2025-04-21 20:38:04 - INFO - Epoch 11/20: 
Train Loss: 0.2768, Acc: 0.6997 Train Neg Acc: 0.7177, Nut Acc: 0.6407, Pos Acc: 0.7640
 Val Loss: 0.2700, Acc: 0.7003 Val Neg Acc: 0.5687, Nut Acc: 0.7744, Pos Acc: 0.7009
2025-04-21 20:38:16 - INFO - Epoch 12/20: 
Train Loss: 0.2748, Acc: 0.7013 Train Neg Acc: 0.7209, Nut Acc: 0.6412, Pos Acc: 0.7662
 Val Loss: 0.2616, Acc: 0.7067 Val Neg Acc: 0.5844, Nut Acc: 0.7491, Pos Acc: 0.7405
2025-04-21 20:38:27 - INFO - Epoch 13/20: 
Train Loss: 0.2729, Acc: 0.7052 Train Neg Acc: 0.7253, Nut Acc: 0.6465, Pos Acc: 0.7661
 Val Loss: 0.2623, Acc: 0.7072 Val Neg Acc: 0.5855, Nut Acc: 0.7606, Pos Acc: 0.7215
2025-04-21 20:38:39 - INFO - Epoch 14/20: 
Train Loss: 0.2698, Acc: 0.7081 Train Neg Acc: 0.7306, Nut Acc: 0.6467, Pos Acc: 0.7701
 Val Loss: 0.2605, Acc: 0.7088 Val Neg Acc: 0.5828, Nut Acc: 0.7548, Pos Acc: 0.7418
2025-04-21 20:38:51 - INFO - Epoch 15/20: 
Train Loss: 0.2689, Acc: 0.7099 Train Neg Acc: 0.7312, Nut Acc: 0.6501, Pos Acc: 0.7709
 Val Loss: 0.2592, Acc: 0.7105 Val Neg Acc: 0.5943, Nut Acc: 0.7567, Pos Acc: 0.7285
2025-04-21 20:39:03 - INFO - Epoch 16/20: 
Train Loss: 0.2666, Acc: 0.7140 Train Neg Acc: 0.7348, Nut Acc: 0.6531, Pos Acc: 0.7765
 Val Loss: 0.2586, Acc: 0.7089 Val Neg Acc: 0.5971, Nut Acc: 0.7547, Pos Acc: 0.7218
2025-04-21 20:39:15 - INFO - Epoch 17/20: 
Train Loss: 0.2644, Acc: 0.7155 Train Neg Acc: 0.7369, Nut Acc: 0.6550, Pos Acc: 0.7767
 Val Loss: 0.2587, Acc: 0.7101 Val Neg Acc: 0.5942, Nut Acc: 0.7564, Pos Acc: 0.7296
2025-04-21 20:39:27 - INFO - Epoch 18/20: 
Train Loss: 0.2622, Acc: 0.7187 Train Neg Acc: 0.7419, Nut Acc: 0.6576, Pos Acc: 0.7779
 Val Loss: 0.2632, Acc: 0.7071 Val Neg Acc: 0.5705, Nut Acc: 0.7687, Pos Acc: 0.7347
2025-04-21 20:39:39 - INFO - Epoch 19/20: 
Train Loss: 0.2604, Acc: 0.7207 Train Neg Acc: 0.7414, Nut Acc: 0.6607, Pos Acc: 0.7808
 Val Loss: 0.2648, Acc: 0.7044 Val Neg Acc: 0.5774, Nut Acc: 0.7795, Pos Acc: 0.6992
2025-04-21 20:39:52 - INFO - Epoch 20/20: 
Train Loss: 0.2582, Acc: 0.7248 Train Neg Acc: 0.7471, Nut Acc: 0.6653, Pos Acc: 0.7815
 Val Loss: 0.2577, Acc: 0.7113 Val Neg Acc: 0.5921, Nut Acc: 0.7623, Pos Acc: 0.7274
2025-04-21 21:03:10 - INFO - Training DropoutMLP on cuda
2025-04-21 21:03:23 - INFO - Epoch 1/20: 
Train Loss: 0.4859, Acc: 0.3336 Train Neg Acc: 0.0000, Nut Acc: 0.3334, Pos Acc: 0.3513
 Val Loss: 0.3956, Acc: 0.4814 Val Neg Acc: -1.0000, Nut Acc: 0.4814, Pos Acc: -1.0000
2025-04-21 21:03:35 - INFO - Epoch 2/20: 
Train Loss: 0.4817, Acc: 0.3333 Train Neg Acc: -1.0000, Nut Acc: 0.3333, Pos Acc: -1.0000
 Val Loss: 0.3978, Acc: 0.4814 Val Neg Acc: -1.0000, Nut Acc: 0.4814, Pos Acc: -1.0000
2025-04-21 21:03:47 - INFO - Epoch 3/20: 
Train Loss: 0.4787, Acc: 0.3336 Train Neg Acc: 0.5294, Nut Acc: 0.3335, Pos Acc: -1.0000
 Val Loss: 0.4018, Acc: 0.4816 Val Neg Acc: 0.5000, Nut Acc: 0.4816, Pos Acc: -1.0000
2025-04-21 21:04:00 - INFO - Epoch 4/20: 
Train Loss: 0.4755, Acc: 0.3365 Train Neg Acc: 0.5517, Nut Acc: 0.3348, Pos Acc: 0.7500
 Val Loss: 0.3958, Acc: 0.4852 Val Neg Acc: 0.4403, Nut Acc: 0.4849, Pos Acc: 0.8333
2025-04-21 21:04:12 - INFO - Epoch 5/20: 
Train Loss: 0.4721, Acc: 0.3493 Train Neg Acc: 0.5448, Nut Acc: 0.3402, Pos Acc: 0.7520
 Val Loss: 0.3918, Acc: 0.4868 Val Neg Acc: 0.4079, Nut Acc: 0.4869, Pos Acc: 0.8511
2025-04-21 21:04:24 - INFO - Epoch 6/20: 
Train Loss: 0.4688, Acc: 0.3686 Train Neg Acc: 0.5473, Nut Acc: 0.3487, Pos Acc: 0.6892
 Val Loss: 0.3909, Acc: 0.5044 Val Neg Acc: 0.4043, Nut Acc: 0.5006, Pos Acc: 0.7030
2025-04-21 21:04:37 - INFO - Epoch 7/20: 
Train Loss: 0.4661, Acc: 0.3831 Train Neg Acc: 0.5320, Nut Acc: 0.3566, Pos Acc: 0.6332
 Val Loss: 0.3831, Acc: 0.5053 Val Neg Acc: 0.4405, Nut Acc: 0.5000, Pos Acc: 0.7427
2025-04-21 21:04:49 - INFO - Epoch 8/20: 
Train Loss: 0.4625, Acc: 0.3983 Train Neg Acc: 0.5383, Nut Acc: 0.3649, Pos Acc: 0.6270
 Val Loss: 0.3898, Acc: 0.5112 Val Neg Acc: 0.3984, Nut Acc: 0.5132, Pos Acc: 0.7038
2025-04-21 21:05:01 - INFO - Epoch 9/20: 
Train Loss: 0.4611, Acc: 0.4047 Train Neg Acc: 0.5238, Nut Acc: 0.3693, Pos Acc: 0.6137
 Val Loss: 0.3964, Acc: 0.5158 Val Neg Acc: 0.3831, Nut Acc: 0.5292, Pos Acc: 0.6084
2025-04-21 21:05:13 - INFO - Epoch 10/20: 
Train Loss: 0.4584, Acc: 0.4098 Train Neg Acc: 0.5345, Nut Acc: 0.3717, Pos Acc: 0.6092
 Val Loss: 0.3814, Acc: 0.5172 Val Neg Acc: 0.4182, Nut Acc: 0.5144, Pos Acc: 0.6869
2025-04-21 21:05:27 - INFO - Epoch 11/20: 
Train Loss: 0.4573, Acc: 0.4139 Train Neg Acc: 0.5310, Nut Acc: 0.3744, Pos Acc: 0.6100
 Val Loss: 0.3796, Acc: 0.5216 Val Neg Acc: 0.4200, Nut Acc: 0.5198, Pos Acc: 0.6182
2025-04-21 21:05:39 - INFO - Epoch 12/20: 
Train Loss: 0.4553, Acc: 0.4192 Train Neg Acc: 0.5321, Nut Acc: 0.3774, Pos Acc: 0.6108
 Val Loss: 0.3868, Acc: 0.5215 Val Neg Acc: 0.3919, Nut Acc: 0.5303, Pos Acc: 0.6616
2025-04-21 21:05:51 - INFO - Epoch 13/20: 
Train Loss: 0.4542, Acc: 0.4239 Train Neg Acc: 0.5327, Nut Acc: 0.3812, Pos Acc: 0.6099
 Val Loss: 0.3744, Acc: 0.5210 Val Neg Acc: 0.4332, Nut Acc: 0.5135, Pos Acc: 0.6531
2025-04-21 21:06:03 - INFO - Epoch 14/20: 
Train Loss: 0.4538, Acc: 0.4212 Train Neg Acc: 0.5320, Nut Acc: 0.3789, Pos Acc: 0.6164
 Val Loss: 0.3769, Acc: 0.5256 Val Neg Acc: 0.4230, Nut Acc: 0.5233, Pos Acc: 0.6391
2025-04-21 21:06:17 - INFO - Epoch 15/20: 
Train Loss: 0.4532, Acc: 0.4241 Train Neg Acc: 0.5305, Nut Acc: 0.3807, Pos Acc: 0.6146
 Val Loss: 0.3852, Acc: 0.5223 Val Neg Acc: 0.3997, Nut Acc: 0.5281, Pos Acc: 0.7196
2025-04-21 21:06:31 - INFO - Epoch 16/20: 
Train Loss: 0.4508, Acc: 0.4304 Train Neg Acc: 0.5380, Nut Acc: 0.3845, Pos Acc: 0.6125
 Val Loss: 0.3844, Acc: 0.5174 Val Neg Acc: 0.4041, Nut Acc: 0.5230, Pos Acc: 0.7269
2025-04-21 21:06:44 - INFO - Epoch 17/20: 
Train Loss: 0.4511, Acc: 0.4310 Train Neg Acc: 0.5379, Nut Acc: 0.3854, Pos Acc: 0.6185
 Val Loss: 0.3876, Acc: 0.5328 Val Neg Acc: 0.4072, Nut Acc: 0.5555, Pos Acc: 0.5340
2025-04-21 21:06:56 - INFO - Epoch 18/20: 
Train Loss: 0.4507, Acc: 0.4317 Train Neg Acc: 0.5365, Nut Acc: 0.3856, Pos Acc: 0.6227
 Val Loss: 0.3765, Acc: 0.5371 Val Neg Acc: 0.4203, Nut Acc: 0.5427, Pos Acc: 0.5713
2025-04-21 21:07:09 - INFO - Epoch 19/20: 
Train Loss: 0.4494, Acc: 0.4331 Train Neg Acc: 0.5428, Nut Acc: 0.3856, Pos Acc: 0.6184
 Val Loss: 0.3755, Acc: 0.5240 Val Neg Acc: 0.4211, Nut Acc: 0.5214, Pos Acc: 0.7099
2025-04-21 21:07:22 - INFO - Epoch 20/20: 
Train Loss: 0.4495, Acc: 0.4311 Train Neg Acc: 0.5336, Nut Acc: 0.3849, Pos Acc: 0.6229
 Val Loss: 0.3848, Acc: 0.5229 Val Neg Acc: 0.3976, Nut Acc: 0.5303, Pos Acc: 0.7119
2025-04-21 21:07:30 - INFO - Training DropoutMLP on cuda
2025-04-21 21:07:43 - INFO - Epoch 1/20: 
Train Loss: 0.4837, Acc: 0.3333 Train Neg Acc: 0.2791, Nut Acc: 0.3333, Pos Acc: 0.3450
 Val Loss: 0.3978, Acc: 0.4814 Val Neg Acc: -1.0000, Nut Acc: 0.4814, Pos Acc: -1.0000
2025-04-21 21:07:55 - INFO - Epoch 2/20: 
Train Loss: 0.4777, Acc: 0.3336 Train Neg Acc: 0.8889, Nut Acc: 0.3334, Pos Acc: 0.8000
 Val Loss: 0.3969, Acc: 0.4815 Val Neg Acc: 0.5000, Nut Acc: 0.4815, Pos Acc: -1.0000
2025-04-21 21:08:08 - INFO - Epoch 3/20: 
Train Loss: 0.4718, Acc: 0.3482 Train Neg Acc: 0.5426, Nut Acc: 0.3397, Pos Acc: 0.6689
 Val Loss: 0.3878, Acc: 0.5008 Val Neg Acc: 0.4948, Nut Acc: 0.4943, Pos Acc: 0.6958
2025-04-21 21:08:20 - INFO - Epoch 4/20: 
Train Loss: 0.4664, Acc: 0.3745 Train Neg Acc: 0.5463, Nut Acc: 0.3520, Pos Acc: 0.6399
 Val Loss: 0.3912, Acc: 0.5146 Val Neg Acc: 0.4108, Nut Acc: 0.5178, Pos Acc: 0.5192
2025-04-21 21:08:33 - INFO - Epoch 5/20: 
Train Loss: 0.4623, Acc: 0.3952 Train Neg Acc: 0.5379, Nut Acc: 0.3634, Pos Acc: 0.6172
 Val Loss: 0.3827, Acc: 0.5129 Val Neg Acc: 0.4010, Nut Acc: 0.5087, Pos Acc: 0.6438
2025-04-21 21:08:45 - INFO - Epoch 6/20: 
Train Loss: 0.4587, Acc: 0.4093 Train Neg Acc: 0.5376, Nut Acc: 0.3720, Pos Acc: 0.6195
 Val Loss: 0.3861, Acc: 0.5206 Val Neg Acc: 0.4116, Nut Acc: 0.5219, Pos Acc: 0.5888
2025-04-21 21:08:58 - INFO - Epoch 7/20: 
Train Loss: 0.4559, Acc: 0.4183 Train Neg Acc: 0.5282, Nut Acc: 0.3779, Pos Acc: 0.6186
 Val Loss: 0.3828, Acc: 0.5261 Val Neg Acc: 0.4227, Nut Acc: 0.5268, Pos Acc: 0.6263
2025-04-21 21:09:11 - INFO - Epoch 8/20: 
Train Loss: 0.4535, Acc: 0.4273 Train Neg Acc: 0.5320, Nut Acc: 0.3842, Pos Acc: 0.6131
 Val Loss: 0.3873, Acc: 0.5255 Val Neg Acc: 0.4072, Nut Acc: 0.5317, Pos Acc: 0.6536
2025-04-21 21:09:24 - INFO - Epoch 9/20: 
Train Loss: 0.4519, Acc: 0.4299 Train Neg Acc: 0.5328, Nut Acc: 0.3854, Pos Acc: 0.6118
 Val Loss: 0.3784, Acc: 0.5272 Val Neg Acc: 0.4169, Nut Acc: 0.5254, Pos Acc: 0.6702
2025-04-21 21:09:37 - INFO - Epoch 10/20: 
Train Loss: 0.4500, Acc: 0.4358 Train Neg Acc: 0.5309, Nut Acc: 0.3900, Pos Acc: 0.6110
 Val Loss: 0.3762, Acc: 0.5300 Val Neg Acc: 0.4253, Nut Acc: 0.5287, Pos Acc: 0.6391
2025-04-21 21:23:21 - INFO - Training DropoutMLP on cuda
2025-04-21 21:29:58 - INFO - Training DropoutMLP on cuda
2025-04-21 21:30:17 - INFO - Training DropoutMLP on cuda
2025-04-21 21:30:25 - INFO - Training DropoutMLP on cuda
2025-04-21 21:30:35 - INFO - Training DropoutMLP on cuda
2025-04-21 21:30:52 - INFO - Training DropoutMLP on cuda
2025-04-21 21:31:40 - INFO - Training DropoutMLP on cuda
